#
# There is insufficient memory for the Java Runtime Environment to continue.
# Native memory allocation (malloc) failed to allocate 4092 bytes for AllocateHeap
# Possible reasons:
#   The system is out of physical RAM or swap space
#   In 32 bit mode, the process size limit was hit
# Possible solutions:
#   Reduce memory load on the system
#   Increase physical memory or swap space
#   Check if swap backing store is full
#   Use 64 bit Java on a 64 bit OS
#   Decrease Java heap size (-Xmx/-Xms)
#   Decrease number of Java threads
#   Decrease Java thread stack sizes (-Xss)
#   Set larger code cache with -XX:ReservedCodeCacheSize=
# This output file may be truncated or incomplete.
#
#  Out of Memory Error (memory/allocation.inline.hpp:61), pid=5020, tid=3160
#
# JRE version: Java(TM) SE Runtime Environment (7.0_72-b14) (build 1.7.0_72-b14)
# Java VM: Java HotSpot(TM) Client VM (24.72-b04 mixed mode, sharing windows-x86 )
# Failed to write core dump. Minidumps are not enabled by default on client versions of Windows
#

---------------  T H R E A D  ---------------

Current thread (0x0217fc00):  VMThread [stack: 0x04620000,0x04670000] [id=3160]

Stack: [0x04620000,0x04670000],  sp=0x0466ee3c,  free space=315k
Native frames: (J=compiled Java code, j=interpreted, Vv=VM code, C=native code)
V  [jvm.dll+0x191004]
V  [jvm.dll+0x18ae75]
V  [jvm.dll+0x7f476]
V  [jvm.dll+0x7f4ef]
V  [jvm.dll+0xbc90f]
V  [jvm.dll+0xbcab0]
V  [jvm.dll+0x19c142]
V  [jvm.dll+0x19c561]
V  [jvm.dll+0x90b26]
V  [jvm.dll+0x8ceee]
V  [jvm.dll+0x86bb3]
V  [jvm.dll+0x88b8f]
V  [jvm.dll+0x890f4]
V  [jvm.dll+0x87c0f]
V  [jvm.dll+0x8f543]
V  [jvm.dll+0x86589]
V  [jvm.dll+0x7d123]
V  [jvm.dll+0x19f436]
V  [jvm.dll+0x168ecb]
V  [jvm.dll+0x168281]
V  [jvm.dll+0x168697]
V  [jvm.dll+0x168892]
V  [jvm.dll+0x1a7f69]
C  [msvcr100.dll+0x5c556]
C  [msvcr100.dll+0x5c600]
C  [kernel32.dll+0x1336a]
C  [ntdll.dll+0x392b2]
C  [ntdll.dll+0x39285]

VM_Operation (0x0023ed14): GenCollectForAllocation, mode: safepoint, requested by thread 0x0234cc00


---------------  P R O C E S S  ---------------

Java Threads: ( => current thread )
  0x021fd800 JavaThread "Service Thread" daemon [_thread_blocked, id=972, stack(0x04a00000,0x04a50000)]
  0x021f8000 JavaThread "C1 CompilerThread0" daemon [_thread_blocked, id=1216, stack(0x048b0000,0x04900000)]
  0x021f6c00 JavaThread "Attach Listener" daemon [_thread_blocked, id=5744, stack(0x04810000,0x04860000)]
  0x021f3800 JavaThread "Signal Dispatcher" daemon [_thread_blocked, id=4588, stack(0x022f0000,0x02340000)]
  0x02186c00 JavaThread "Finalizer" daemon [_thread_blocked, id=6828, stack(0x04690000,0x046e0000)]
  0x02181800 JavaThread "Reference Handler" daemon [_thread_blocked, id=2228, stack(0x04460000,0x044b0000)]
  0x0234cc00 JavaThread "main" [_thread_blocked, id=3360, stack(0x001f0000,0x00240000)]

Other Threads:
=>0x0217fc00 VMThread [stack: 0x04620000,0x04670000] [id=3160]
  0x02206800 WatcherThread [stack: 0x04950000,0x049a0000] [id=1472]

VM state:at safepoint (normal execution)

VM Mutex/Monitor currently owned by a thread:  ([mutex/lock_event])
[0x0234afe0] Threads_lock - owner thread: 0x0217fc00
[0x0234b3f0] Heap_lock - owner thread: 0x0234cc00

Heap
 def new generation   total 24512K, used 2687K [0x24800000, 0x26290000, 0x29d50000)
  eden space 21824K,   0% used [0x24800000, 0x24800000, 0x25d50000)
  from space 2688K,  99% used [0x25ff0000, 0x2628fff8, 0x26290000)
  to   space 2688K,   0% used [0x25d50000, 0x25d50000, 0x25ff0000)
 tenured generation   total 56356K, used 56267K [0x29d50000, 0x2d459000, 0x34800000)
   the space 56356K,  99% used [0x29d50000, 0x2d442c20, 0x2d442e00, 0x2d459000)
 compacting perm gen  total 12288K, used 1666K [0x34800000, 0x35400000, 0x38800000)
   the space 12288K,  13% used [0x34800000, 0x349a09e0, 0x349a0a00, 0x35400000)
    ro space 10240K,  44% used [0x38800000, 0x38c7b1c8, 0x38c7b200, 0x39200000)
    rw space 12288K,  52% used [0x39200000, 0x398431d0, 0x39843200, 0x39e00000)

Card table byte_map: [0x04350000,0x04400000] byte_map_base: 0x0422c000

Polling page: 0x001a0000

Code Cache  [0x02350000, 0x025f8000, 0x04350000)
 total_blobs=1305 nmethods=1158 adapters=83 free_code_cache=30065Kb largest_free_block=30786560

Compilation events (10 events):
Event: 7.738 Thread 0x021f8000 1154             java.util.TreeMap$Values::size (8 bytes)
Event: 7.738 Thread 0x021f8000 nmethod 1154 0x025f2448 code [0x025f2540, 0x025f25d0]
Event: 7.755 Thread 0x021f8000 1155             java.util.WeakHashMap::remove (133 bytes)
Event: 7.756 Thread 0x021f8000 nmethod 1155 0x025f2648 code [0x025f2780, 0x025f29e4]
Event: 8.218 Thread 0x021f8000 1156   !         com.android.dx.ssa.SsaInsn::clone (20 bytes)
Event: 8.219 Thread 0x021f8000 nmethod 1156 0x025f2c48 code [0x025f2d60, 0x025f2ea8]
Event: 8.258 Thread 0x021f8000 1157             java.util.ArrayList$SubList::get (23 bytes)
Event: 8.259 Thread 0x021f8000 nmethod 1157 0x025f2f88 code [0x025f30b0, 0x025f3294]
Event: 8.259 Thread 0x021f8000 1158             java.util.ArrayList$SubList::rangeCheck (26 bytes)
Event: 8.259 Thread 0x021f8000 nmethod 1158 0x025f3508 code [0x025f3660, 0x025f3938]

GC Heap History (10 events):
Event: 6.312 GC heap after
Heap after GC invocations=36 (full 3):
 def new generation   total 22208K, used 2432K [0x24800000, 0x26010000, 0x29d50000)
  eden space 19776K,   0% used [0x24800000, 0x24800000, 0x25b50000)
  from space 2432K, 100% used [0x25b50000, 0x25db0000, 0x25db0000)
  to   space 2432K,   0% used [0x25db0000, 0x25db0000, 0x26010000)
 tenured generation   total 49188K, used 45408K [0x29d50000, 0x2cd59000, 0x34800000)
   the space 49188K,  92% used [0x29d50000, 0x2c9a8138, 0x2c9a8200, 0x2cd59000)
 compacting perm gen  total 12288K, used 1668K [0x34800000, 0x35400000, 0x38800000)
   the space 12288K,  13% used [0x34800000, 0x349a12a8, 0x349a1400, 0x35400000)
    ro space 10240K,  44% used [0x38800000, 0x38c7b1c8, 0x38c7b200, 0x39200000)
    rw space 12288K,  52% used [0x39200000, 0x398431d0, 0x39843200, 0x39e00000)
}
Event: 6.473 GC heap before
{Heap before GC invocations=36 (full 3):
 def new generation   total 22208K, used 22208K [0x24800000, 0x26010000, 0x29d50000)
  eden space 19776K, 100% used [0x24800000, 0x25b50000, 0x25b50000)
  from space 2432K, 100% used [0x25b50000, 0x25db0000, 0x25db0000)
  to   space 2432K,   0% used [0x25db0000, 0x25db0000, 0x26010000)
 tenured generation   total 49188K, used 45408K [0x29d50000, 0x2cd59000, 0x34800000)
   the space 49188K,  92% used [0x29d50000, 0x2c9a8138, 0x2c9a8200, 0x2cd59000)
 compacting perm gen  total 12288K, used 1668K [0x34800000, 0x35400000, 0x38800000)
   the space 12288K,  13% used [0x34800000, 0x349a12a8, 0x349a1400, 0x35400000)
    ro space 10240K,  44% used [0x38800000, 0x38c7b1c8, 0x38c7b200, 0x39200000)
    rw space 12288K,  52% used [0x39200000, 0x398431d0, 0x39843200, 0x39e00000)
Event: 6.496 GC heap after
Heap after GC invocations=37 (full 3):
 def new generation   total 22208K, used 2432K [0x24800000, 0x26010000, 0x29d50000)
  eden space 19776K,   0% used [0x24800000, 0x24800000, 0x25b50000)
  from space 2432K, 100% used [0x25db0000, 0x26010000, 0x26010000)
  to   space 2432K,   0% used [0x25b50000, 0x25b50000, 0x25db0000)
 tenured generation   total 49188K, used 48099K [0x29d50000, 0x2cd59000, 0x34800000)
   the space 49188K,  97% used [0x29d50000, 0x2cc48e00, 0x2cc48e00, 0x2cd59000)
 compacting perm gen  total 12288K, used 1668K [0x34800000, 0x35400000, 0x38800000)
   the space 12288K,  13% used [0x34800000, 0x349a12a8, 0x349a1400, 0x35400000)
    ro space 10240K,  44% used [0x38800000, 0x38c7b1c8, 0x38c7b200, 0x39200000)
    rw space 12288K,  52% used [0x39200000, 0x398431d0, 0x39843200, 0x39e00000)
}
Event: 6.691 GC heap before
{Heap before GC invocations=37 (full 3):
 def new generation   total 22208K, used 22208K [0x24800000, 0x26010000, 0x29d50000)
  eden space 19776K, 100% used [0x24800000, 0x25b50000, 0x25b50000)
  from space 2432K, 100% used [0x25db0000, 0x26010000, 0x26010000)
  to   space 2432K,   0% used [0x25b50000, 0x25b50000, 0x25db0000)
 tenured generation   total 49188K, used 48099K [0x29d50000, 0x2cd59000, 0x34800000)
   the space 49188K,  97% used [0x29d50000, 0x2cc48e00, 0x2cc48e00, 0x2cd59000)
 compacting perm gen  total 12288K, used 1668K [0x34800000, 0x35400000, 0x38800000)
   the space 12288K,  13% used [0x34800000, 0x349a1358, 0x349a1400, 0x35400000)
    ro space 10240K,  44% used [0x38800000, 0x38c7b1c8, 0x38c7b200, 0x39200000)
    rw space 12288K,  52% used [0x39200000, 0x398431d0, 0x39843200, 0x39e00000)
Event: 7.057 GC heap after
Heap after GC invocations=38 (full 4):
 def new generation   total 23040K, used 82K [0x24800000, 0x26100000, 0x29d50000)
  eden space 20480K,   0% used [0x24800000, 0x24814820, 0x25c00000)
  from space 2560K,   0% used [0x25c00000, 0x25c00000, 0x25e80000)
  to   space 2560K,   0% used [0x25e80000, 0x25e80000, 0x26100000)
 tenured generation   total 51108K, used 51107K [0x29d50000, 0x2cf39000, 0x34800000)
   the space 51108K,  99% used [0x29d50000, 0x2cf38ff8, 0x2cf39000, 0x2cf39000)
 compacting perm gen  total 12288K, used 1666K [0x34800000, 0x35400000, 0x38800000)
   the space 12288K,  13% used [0x34800000, 0x349a09e0, 0x349a0a00, 0x35400000)
    ro space 10240K,  44% used [0x38800000, 0x38c7b1c8, 0x38c7b200, 0x39200000)
    rw space 12288K,  52% used [0x39200000, 0x398431d0, 0x39843200, 0x39e00000)
}
Event: 7.284 GC heap before
{Heap before GC invocations=38 (full 4):
 def new generation   total 23040K, used 20480K [0x24800000, 0x26100000, 0x29d50000)
  eden space 20480K, 100% used [0x24800000, 0x25c00000, 0x25c00000)
  from space 2560K,   0% used [0x25c00000, 0x25c00000, 0x25e80000)
  to   space 2560K,   0% used [0x25e80000, 0x25e80000, 0x26100000)
 tenured generation   total 51108K, used 51107K [0x29d50000, 0x2cf39000, 0x34800000)
   the space 51108K,  99% used [0x29d50000, 0x2cf38ff8, 0x2cf39000, 0x2cf39000)
 compacting perm gen  total 12288K, used 1666K [0x34800000, 0x35400000, 0x38800000)
   the space 12288K,  13% used [0x34800000, 0x349a09e0, 0x349a0a00, 0x35400000)
    ro space 10240K,  44% used [0x38800000, 0x38c7b1c8, 0x38c7b200, 0x39200000)
    rw space 12288K,  52% used [0x39200000, 0x398431d0, 0x39843200, 0x39e00000)
Event: 7.632 GC heap after
Heap after GC invocations=39 (full 5):
 def new generation   total 23360K, used 2522K [0x24800000, 0x26150000, 0x29d50000)
  eden space 20800K,  12% used [0x24800000, 0x24a76b20, 0x25c50000)
  from space 2560K,   0% used [0x25c50000, 0x25c50000, 0x25ed0000)
  to   space 2560K,   0% used [0x25ed0000, 0x25ed0000, 0x26150000)
 tenured generation   total 51748K, used 51689K [0x29d50000, 0x2cfd9000, 0x34800000)
   the space 51748K,  99% used [0x29d50000, 0x2cfca470, 0x2cfca600, 0x2cfd9000)
 compacting perm gen  total 12288K, used 1666K [0x34800000, 0x35400000, 0x38800000)
   the space 12288K,  13% used [0x34800000, 0x349a09e0, 0x349a0a00, 0x35400000)
    ro space 10240K,  44% used [0x38800000, 0x38c7b1c8, 0x38c7b200, 0x39200000)
    rw space 12288K,  52% used [0x39200000, 0x398431d0, 0x39843200, 0x39e00000)
}
Event: 7.793 GC heap before
{Heap before GC invocations=39 (full 5):
 def new generation   total 23360K, used 20800K [0x24800000, 0x26150000, 0x29d50000)
  eden space 20800K, 100% used [0x24800000, 0x25c50000, 0x25c50000)
  from space 2560K,   0% used [0x25c50000, 0x25c50000, 0x25ed0000)
  to   space 2560K,   0% used [0x25ed0000, 0x25ed0000, 0x26150000)
 tenured generation   total 51748K, used 51689K [0x29d50000, 0x2cfd9000, 0x34800000)
   the space 51748K,  99% used [0x29d50000, 0x2cfca470, 0x2cfca600, 0x2cfd9000)
 compacting perm gen  total 12288K, used 1666K [0x34800000, 0x35400000, 0x38800000)
   the space 12288K,  13% used [0x34800000, 0x349a09e0, 0x349a0a00, 0x35400000)
    ro space 10240K,  44% used [0x38800000, 0x38c7b1c8, 0x38c7b200, 0x39200000)
    rw space 12288K,  52% used [0x39200000, 0x398431d0, 0x39843200, 0x39e00000)
Event: 8.169 GC heap after
Heap after GC invocations=40 (full 6):
 def new generation   total 24512K, used 2499K [0x24800000, 0x26290000, 0x29d50000)
  eden space 21824K,  11% used [0x24800000, 0x24a70c70, 0x25d50000)
  from space 2688K,   0% used [0x25d50000, 0x25d50000, 0x25ff0000)
  to   space 2688K,   0% used [0x25ff0000, 0x25ff0000, 0x26290000)
 tenured generation   total 54308K, used 54259K [0x29d50000, 0x2d259000, 0x34800000)
   the space 54308K,  99% used [0x29d50000, 0x2d24cc60, 0x2d24ce00, 0x2d259000)
 compacting perm gen  total 12288K, used 1666K [0x34800000, 0x35400000, 0x38800000)
   the space 12288K,  13% used [0x34800000, 0x349a09e0, 0x349a0a00, 0x35400000)
    ro space 10240K,  44% used [0x38800000, 0x38c7b1c8, 0x38c7b200, 0x39200000)
    rw space 12288K,  52% used [0x39200000, 0x398431d0, 0x39843200, 0x39e00000)
}
Event: 8.322 GC heap before
{Heap before GC invocations=40 (full 6):
 def new generation   total 24512K, used 21824K [0x24800000, 0x26290000, 0x29d50000)
  eden space 21824K, 100% used [0x24800000, 0x25d50000, 0x25d50000)
  from space 2688K,   0% used [0x25d50000, 0x25d50000, 0x25ff0000)
  to   space 2688K,   0% used [0x25ff0000, 0x25ff0000, 0x26290000)
 tenured generation   total 54308K, used 54259K [0x29d50000, 0x2d259000, 0x34800000)
   the space 54308K,  99% used [0x29d50000, 0x2d24cc60, 0x2d24ce00, 0x2d259000)
 compacting perm gen  total 12288K, used 1666K [0x34800000, 0x35400000, 0x38800000)
   the space 12288K,  13% used [0x34800000, 0x349a09e0, 0x349a0a00, 0x35400000)
    ro space 10240K,  44% used [0x38800000, 0x38c7b1c8, 0x38c7b200, 0x39200000)
    rw space 12288K,  52% used [0x39200000, 0x398431d0, 0x39843200, 0x39e00000)

Deoptimization events (0 events):
No events

Internal exceptions (10 events):
Event: 3.994 Thread 0x0234cc00 Threw 0x24d5d528 at C:\re\jdk7u72\1606\hotspot\src\share\vm\prims\jvm.cpp:1281
Event: 3.996 Thread 0x0234cc00 Threw 0x24d66f68 at C:\re\jdk7u72\1606\hotspot\src\share\vm\prims\jvm.cpp:1281
Event: 3.996 Thread 0x0234cc00 Threw 0x24d68f38 at C:\re\jdk7u72\1606\hotspot\src\share\vm\prims\jvm.cpp:1281
Event: 3.997 Thread 0x0234cc00 Threw 0x24d6ba20 at C:\re\jdk7u72\1606\hotspot\src\share\vm\prims\jvm.cpp:1281
Event: 4.017 Thread 0x0234cc00 Threw 0x24f081e0 at C:\re\jdk7u72\1606\hotspot\src\share\vm\prims\jvm.cpp:1281
Event: 4.021 Thread 0x0234cc00 Threw 0x24f68db8 at C:\re\jdk7u72\1606\hotspot\src\share\vm\prims\jvm.cpp:1281
Event: 4.021 Thread 0x0234cc00 Threw 0x24f6aff0 at C:\re\jdk7u72\1606\hotspot\src\share\vm\prims\jvm.cpp:1281
Event: 4.023 Thread 0x0234cc00 Threw 0x24f80e00 at C:\re\jdk7u72\1606\hotspot\src\share\vm\prims\jvm.cpp:1281
Event: 4.024 Thread 0x0234cc00 Threw 0x24f86348 at C:\re\jdk7u72\1606\hotspot\src\share\vm\prims\jvm.cpp:1281
Event: 4.025 Thread 0x0234cc00 Threw 0x24f8b5c8 at C:\re\jdk7u72\1606\hotspot\src\share\vm\prims\jvm.cpp:1281

Events (10 events):
Event: 6.312 Executing VM operation: GenCollectForAllocation done
Event: 6.473 Executing VM operation: GenCollectForAllocation
Event: 6.496 Executing VM operation: GenCollectForAllocation done
Event: 6.691 Executing VM operation: GenCollectForAllocation
Event: 7.057 Executing VM operation: GenCollectForAllocation done
Event: 7.284 Executing VM operation: GenCollectForAllocation
Event: 7.632 Executing VM operation: GenCollectForAllocation done
Event: 7.792 Executing VM operation: GenCollectForAllocation
Event: 8.169 Executing VM operation: GenCollectForAllocation done
Event: 8.322 Executing VM operation: GenCollectForAllocation


Dynamic libraries:
0x001c0000 - 0x001ef000 	C:\Program Files (x86)\Java\jdk1.7.0_72\bin\java.exe
0x77cd0000 - 0x77e50000 	C:\Windows\SysWOW64\ntdll.dll
0x76fb0000 - 0x770c0000 	C:\Windows\syswow64\kernel32.dll
0x76910000 - 0x76957000 	C:\Windows\syswow64\KERNELBASE.dll
0x76710000 - 0x767b0000 	C:\Windows\syswow64\ADVAPI32.dll
0x772f0000 - 0x7739c000 	C:\Windows\syswow64\msvcrt.dll
0x770c0000 - 0x770d9000 	C:\Windows\SysWOW64\sechost.dll
0x76820000 - 0x76910000 	C:\Windows\syswow64\RPCRT4.dll
0x75660000 - 0x756c0000 	C:\Windows\syswow64\SspiCli.dll
0x75650000 - 0x7565c000 	C:\Windows\syswow64\CRYPTBASE.dll
0x771e0000 - 0x772e0000 	C:\Windows\syswow64\USER32.dll
0x76960000 - 0x769f0000 	C:\Windows\syswow64\GDI32.dll
0x76dc0000 - 0x76dca000 	C:\Windows\syswow64\LPK.dll
0x77140000 - 0x771dd000 	C:\Windows\syswow64\USP10.dll
0x6f480000 - 0x6f61e000 	C:\Windows\WinSxS\x86_microsoft.windows.common-controls_6595b64144ccf1df_6.0.7601.17514_none_41e6975e2bd6f2b2\COMCTL32.dll
0x770e0000 - 0x77137000 	C:\Windows\syswow64\SHLWAPI.dll
0x767b0000 - 0x76810000 	C:\Windows\system32\IMM32.DLL
0x777d0000 - 0x7789c000 	C:\Windows\syswow64\MSCTF.dll
0x5c090000 - 0x5c14f000 	C:\Program Files (x86)\Java\jdk1.7.0_72\jre\bin\msvcr100.dll
0x5ab60000 - 0x5aee8000 	C:\Program Files (x86)\Java\jdk1.7.0_72\jre\bin\client\jvm.dll
0x73ad0000 - 0x73ad7000 	C:\Windows\system32\WSOCK32.dll
0x76f70000 - 0x76fa5000 	C:\Windows\syswow64\WS2_32.dll
0x76a00000 - 0x76a06000 	C:\Windows\syswow64\NSI.dll
0x6ef30000 - 0x6ef62000 	C:\Windows\system32\WINMM.dll
0x76df0000 - 0x76df5000 	C:\Windows\syswow64\PSAPI.DLL
0x5ca10000 - 0x5ca1c000 	C:\Program Files (x86)\Java\jdk1.7.0_72\jre\bin\verify.dll
0x5bea0000 - 0x5bec0000 	C:\Program Files (x86)\Java\jdk1.7.0_72\jre\bin\java.dll
0x5ab40000 - 0x5ab53000 	C:\Program Files (x86)\Java\jdk1.7.0_72\jre\bin\zip.dll
0x5a950000 - 0x5a964000 	C:\Program Files (x86)\Java\jdk1.7.0_72\jre\bin\net.dll
0x74fa0000 - 0x74fdc000 	C:\Windows\system32\mswsock.dll
0x74270000 - 0x74276000 	C:\Windows\System32\wship6.dll
0x5c080000 - 0x5c08f000 	C:\Program Files (x86)\Java\jdk1.7.0_72\jre\bin\nio.dll
0x522c0000 - 0x523ab000 	C:\Windows\system32\dbghelp.dll

VM Arguments:
java_command: C:\Android SDK\build-tools\21.1.1\\lib\dx.jar --no-strict --dex --output=obj\Release\android\bin\classes.dex obj\Release\android\bin\classes C:\Program Files (x86)\Reference Assemblies\Microsoft\Framework\MonoAndroid\v4.4\mono.android.jar C:\Users\TIM\AppData\Local\Xamarin\Android.Support.v4\22.1.1\embedded\classes.jar C:\Users\TIM\AppData\Local\Xamarin\Android.Support.v4\22.1.1\embedded\libs/internal_impl-22.1.1.jar
Launcher Type: SUN_STANDARD

Environment Variables:
CLASSPATH=C:\Program Files\Sybase\Jaguar CTS 3.5\html\classes;C:\Program Files\Sybase\Jaguar CTS 3.5\java\classes;C:\Program Files (x86)\Sybase\Shared\Sun\jdk118\lib\classes.zip;C:\Program Files (x86)\Sybase\Shared\PowerBuilder\classes.zip;.;
PATH=C:\Program Files (x86)\GtkSharp\2.12\\bin;C:\Program Files (x86)\PHP\v5.6;C:\Program Files\Sybase\Jaguar CTS 3.5\bin;C:\Program Files\Sybase\Jaguar CTS 3.5\dll;C:\Program Files\Sybase\Jaguar CTS 3.5\client\dll;C:\Program Files (x86)\Sybase\Shared\Sun\JDK118\bin;C:\Program Files (x86)\Sybase\Shared\PowerBuilder;C:\Python34\;C:\Python34\Scripts;C:\Python27\;C:\Python27\Scripts;C:\ProgramData\Oracle\Java\javapath;C:\Windows\system32;C:\Windows;C:\Windows\System32\Wbem;C:\Windows\System32\WindowsPowerShell\v1.0\;C:\Program Files (x86)\Microsoft SQL Server\100\Tools\Binn\;C:\Program Files\Microsoft SQL Server\100\Tools\Binn\;C:\Program Files\Microsoft SQL Server\100\DTS\Binn\;C:\Program Files (x86)\Microsoft SQL Server\90\Tools\binn\;C:\Program Files (x86)\Microsoft SDKs\TypeScript\1.0\;C:\Program Files\Microsoft SQL Server\120\DTS\Binn\;C:\Program Files\Microsoft SQL Server\Client SDK\ODBC\110\Tools\Binn\;C:\Program Files (x86)\Microsoft SQL Server\120\Tools\Binn\;C:\Program Files\Microsoft SQL Server\120\Tools\Binn\;C:\Program Files (x86)\Microsoft SQL ;C:\Windows\System32\WindowsPowerShell\v1.0\;C:\Program Files\MongoDB\Server\3.0\bin
USERNAME=TIM
OS=Windows_NT
PROCESSOR_IDENTIFIER=Intel64 Family 6 Model 23 Stepping 10, GenuineIntel



---------------  S Y S T E M  ---------------

OS: Windows 7 , 64 bit Build 7601 Service Pack 1

CPU:total 2 (2 cores per cpu, 1 threads per core) family 6 model 23 stepping 10, cmov, cx8, fxsr, mmx, sse, sse2, sse3, ssse3, tsc

Memory: 4k page, physical 1961976k(54772k free), swap 4902904k(10200k free)

vm_info: Java HotSpot(TM) Client VM (24.72-b04) for windows-x86 JRE (1.7.0_72-b14), built on Sep 26 2014 20:59:14 by "java_re" with unknown MS VC++:1600

time: Wed Jun 17 02:10:17 2015
elapsed time: 8 seconds

