#
# There is insufficient memory for the Java Runtime Environment to continue.
# Native memory allocation (malloc) failed to allocate 4092 bytes for AllocateHeap
# Possible reasons:
#   The system is out of physical RAM or swap space
#   In 32 bit mode, the process size limit was hit
# Possible solutions:
#   Reduce memory load on the system
#   Increase physical memory or swap space
#   Check if swap backing store is full
#   Use 64 bit Java on a 64 bit OS
#   Decrease Java heap size (-Xmx/-Xms)
#   Decrease number of Java threads
#   Decrease Java thread stack sizes (-Xss)
#   Set larger code cache with -XX:ReservedCodeCacheSize=
# This output file may be truncated or incomplete.
#
#  Out of Memory Error (memory/allocation.inline.hpp:61), pid=4440, tid=6316
#
# JRE version: Java(TM) SE Runtime Environment (7.0_72-b14) (build 1.7.0_72-b14)
# Java VM: Java HotSpot(TM) Client VM (24.72-b04 mixed mode, sharing windows-x86 )
# Failed to write core dump. Minidumps are not enabled by default on client versions of Windows
#

---------------  T H R E A D  ---------------

Current thread (0x0214fc00):  VMThread [stack: 0x045d0000,0x04620000] [id=6316]

Stack: [0x045d0000,0x04620000],  sp=0x0461ef8c,  free space=315k
Native frames: (J=compiled Java code, j=interpreted, Vv=VM code, C=native code)
V  [jvm.dll+0x191004]
V  [jvm.dll+0x18ae75]
V  [jvm.dll+0x7f476]
V  [jvm.dll+0x7f4ef]
V  [jvm.dll+0xa70b3]
V  [jvm.dll+0x19c142]
V  [jvm.dll+0x19c561]
V  [jvm.dll+0x90b26]
V  [jvm.dll+0x8ceee]
V  [jvm.dll+0x86bb3]
V  [jvm.dll+0x88b8f]
V  [jvm.dll+0x890f4]
V  [jvm.dll+0x87c0f]
V  [jvm.dll+0x8f543]
V  [jvm.dll+0x86589]
V  [jvm.dll+0x7d123]
V  [jvm.dll+0x19f436]
V  [jvm.dll+0x168ecb]
V  [jvm.dll+0x168281]
V  [jvm.dll+0x168697]
V  [jvm.dll+0x168892]
V  [jvm.dll+0x1a7f69]
C  [msvcr100.dll+0x5c556]
C  [msvcr100.dll+0x5c600]
C  [kernel32.dll+0x1336a]
C  [ntdll.dll+0x392b2]
C  [ntdll.dll+0x39285]

VM_Operation (0x022aef14): GenCollectForAllocation, mode: safepoint, requested by thread 0x0027cc00


---------------  P R O C E S S  ---------------

Java Threads: ( => current thread )
  0x021cd800 JavaThread "Service Thread" daemon [_thread_blocked, id=5892, stack(0x04720000,0x04770000)]
  0x021c8000 JavaThread "C1 CompilerThread0" daemon [_thread_blocked, id=3076, stack(0x04910000,0x04960000)]
  0x021c6c00 JavaThread "Attach Listener" daemon [_thread_blocked, id=1396, stack(0x048c0000,0x04910000)]
  0x021c3800 JavaThread "Signal Dispatcher" daemon [_thread_blocked, id=2788, stack(0x04820000,0x04870000)]
  0x02156c00 JavaThread "Finalizer" daemon [_thread_blocked, id=4496, stack(0x044f0000,0x04540000)]
  0x02151800 JavaThread "Reference Handler" daemon [_thread_blocked, id=5044, stack(0x02090000,0x020e0000)]
  0x0027cc00 JavaThread "main" [_thread_blocked, id=6164, stack(0x02260000,0x022b0000)]

Other Threads:
=>0x0214fc00 VMThread [stack: 0x045d0000,0x04620000] [id=6316]
  0x021d6800 WatcherThread [stack: 0x04a70000,0x04ac0000] [id=5644]

VM state:at safepoint (normal execution)

VM Mutex/Monitor currently owned by a thread:  ([mutex/lock_event])
[0x0027afe0] Threads_lock - owner thread: 0x0214fc00
[0x0027b3f0] Heap_lock - owner thread: 0x0027cc00

Heap
 def new generation   total 4928K, used 511K [0x24800000, 0x24d50000, 0x29d50000)
  eden space 4416K,   0% used [0x24800000, 0x24800000, 0x24c50000)
  from space 512K,  99% used [0x24cd0000, 0x24d4fff8, 0x24d50000)
  to   space 512K,   0% used [0x24c50000, 0x24c50000, 0x24cd0000)
 tenured generation   total 19880K, used 19869K [0x29d50000, 0x2b0ba000, 0x34800000)
   the space 19880K,  99% used [0x29d50000, 0x2b0b76b0, 0x2b0b7800, 0x2b0ba000)
 compacting perm gen  total 12288K, used 1635K [0x34800000, 0x35400000, 0x38800000)
   the space 12288K,  13% used [0x34800000, 0x34998c30, 0x34998e00, 0x35400000)
    ro space 10240K,  44% used [0x38800000, 0x38c7b1c8, 0x38c7b200, 0x39200000)
    rw space 12288K,  52% used [0x39200000, 0x398431d0, 0x39843200, 0x39e00000)

Card table byte_map: [0x04370000,0x04420000] byte_map_base: 0x0424c000

Polling page: 0x001a0000

Code Cache  [0x022f0000, 0x02558000, 0x042f0000)
 total_blobs=1149 nmethods=1002 adapters=83 free_code_cache=30319Kb largest_free_block=31047616

Compilation events (10 events):
Event: 4.506 Thread 0x021c8000  998             com.android.dx.cf.attrib.BaseLocalVariables::byteLength (14 bytes)
Event: 4.506 Thread 0x021c8000 nmethod 998 0x02552248 code [0x02552340, 0x025523e0]
Event: 4.508 Thread 0x021c8000  999             com.android.dx.ssa.MoveParamCombiner::run (45 bytes)
Event: 4.508 Thread 0x021c8000 nmethod 999 0x02552488 code [0x025525d0, 0x02552864]
Event: 4.653 Thread 0x021c8000 1000             com.android.dx.rop.cst.StdConstantPool::get0Ok (12 bytes)
Event: 4.654 Thread 0x021c8000 nmethod 1000 0x02552a48 code [0x02552be0, 0x02553108]
Event: 4.679 Thread 0x021c8000 1001             java.io.FilterInputStream::<init> (10 bytes)
Event: 4.679 Thread 0x021c8000 nmethod 1001 0x025538c8 code [0x025539c0, 0x02553a60]
Event: 4.679 Thread 0x021c8000 1002             com.android.dx.rop.type.Type::getInitializedType (42 bytes)
Event: 4.680 Thread 0x021c8000 nmethod 1002 0x02553b08 code [0x02553c40, 0x02553ec0]

GC Heap History (10 events):
Event: 4.097 GC heap after
Heap after GC invocations=26 (full 2):
 def new generation   total 4928K, used 468K [0x24800000, 0x24d50000, 0x29d50000)
  eden space 4416K,  10% used [0x24800000, 0x248752a8, 0x24c50000)
  from space 512K,   0% used [0x24c50000, 0x24c50000, 0x24cd0000)
  to   space 512K,   0% used [0x24cd0000, 0x24cd0000, 0x24d50000)
 tenured generation   total 17320K, used 17319K [0x29d50000, 0x2ae3a000, 0x34800000)
   the space 17320K,  99% used [0x29d50000, 0x2ae39fe0, 0x2ae3a000, 0x2ae3a000)
 compacting perm gen  total 12288K, used 1636K [0x34800000, 0x35400000, 0x38800000)
   the space 12288K,  13% used [0x34800000, 0x34999308, 0x34999400, 0x35400000)
    ro space 10240K,  44% used [0x38800000, 0x38c7b1c8, 0x38c7b200, 0x39200000)
    rw space 12288K,  52% used [0x39200000, 0x398431d0, 0x39843200, 0x39e00000)
}
Event: 4.144 GC heap before
{Heap before GC invocations=26 (full 2):
 def new generation   total 4928K, used 4416K [0x24800000, 0x24d50000, 0x29d50000)
  eden space 4416K, 100% used [0x24800000, 0x24c50000, 0x24c50000)
  from space 512K,   0% used [0x24c50000, 0x24c50000, 0x24cd0000)
  to   space 512K,   0% used [0x24cd0000, 0x24cd0000, 0x24d50000)
 tenured generation   total 17320K, used 17319K [0x29d50000, 0x2ae3a000, 0x34800000)
   the space 17320K,  99% used [0x29d50000, 0x2ae39fe0, 0x2ae3a000, 0x2ae3a000)
 compacting perm gen  total 12288K, used 1636K [0x34800000, 0x35400000, 0x38800000)
   the space 12288K,  13% used [0x34800000, 0x34999308, 0x34999400, 0x35400000)
    ro space 10240K,  44% used [0x38800000, 0x38c7b1c8, 0x38c7b200, 0x39200000)
    rw space 12288K,  52% used [0x39200000, 0x398431d0, 0x39843200, 0x39e00000)
Event: 4.259 GC heap after
Heap after GC invocations=27 (full 3):
 def new generation   total 4928K, used 438K [0x24800000, 0x24d50000, 0x29d50000)
  eden space 4416K,   9% used [0x24800000, 0x2486db58, 0x24c50000)
  from space 512K,   0% used [0x24cd0000, 0x24cd0000, 0x24d50000)
  to   space 512K,   0% used [0x24c50000, 0x24c50000, 0x24cd0000)
 tenured generation   total 18088K, used 18087K [0x29d50000, 0x2aefa000, 0x34800000)
   the space 18088K,  99% used [0x29d50000, 0x2aef9ff0, 0x2aefa000, 0x2aefa000)
 compacting perm gen  total 12288K, used 1636K [0x34800000, 0x35400000, 0x38800000)
   the space 12288K,  13% used [0x34800000, 0x34999308, 0x34999400, 0x35400000)
    ro space 10240K,  44% used [0x38800000, 0x38c7b1c8, 0x38c7b200, 0x39200000)
    rw space 12288K,  52% used [0x39200000, 0x398431d0, 0x39843200, 0x39e00000)
}
Event: 4.302 GC heap before
{Heap before GC invocations=27 (full 3):
 def new generation   total 4928K, used 4416K [0x24800000, 0x24d50000, 0x29d50000)
  eden space 4416K, 100% used [0x24800000, 0x24c50000, 0x24c50000)
  from space 512K,   0% used [0x24cd0000, 0x24cd0000, 0x24d50000)
  to   space 512K,   0% used [0x24c50000, 0x24c50000, 0x24cd0000)
 tenured generation   total 18088K, used 18087K [0x29d50000, 0x2aefa000, 0x34800000)
   the space 18088K,  99% used [0x29d50000, 0x2aef9ff0, 0x2aefa000, 0x2aefa000)
 compacting perm gen  total 12288K, used 1636K [0x34800000, 0x35400000, 0x38800000)
   the space 12288K,  13% used [0x34800000, 0x34999328, 0x34999400, 0x35400000)
    ro space 10240K,  44% used [0x38800000, 0x38c7b1c8, 0x38c7b200, 0x39200000)
    rw space 12288K,  52% used [0x39200000, 0x398431d0, 0x39843200, 0x39e00000)
Event: 4.435 GC heap after
Heap after GC invocations=28 (full 4):
 def new generation   total 4928K, used 0K [0x24800000, 0x24d50000, 0x29d50000)
  eden space 4416K,   0% used [0x24800000, 0x24800000, 0x24c50000)
  from space 512K,   0% used [0x24c50000, 0x24c50000, 0x24cd0000)
  to   space 512K,   0% used [0x24cd0000, 0x24cd0000, 0x24d50000)
 tenured generation   total 18728K, used 18209K [0x29d50000, 0x2af9a000, 0x34800000)
   the space 18728K,  97% used [0x29d50000, 0x2af18538, 0x2af18600, 0x2af9a000)
 compacting perm gen  total 12288K, used 1634K [0x34800000, 0x35400000, 0x38800000)
   the space 12288K,  13% used [0x34800000, 0x34998b20, 0x34998c00, 0x35400000)
    ro space 10240K,  44% used [0x38800000, 0x38c7b1c8, 0x38c7b200, 0x39200000)
    rw space 12288K,  52% used [0x39200000, 0x398431d0, 0x39843200, 0x39e00000)
}
Event: 4.473 GC heap before
{Heap before GC invocations=28 (full 4):
 def new generation   total 4928K, used 4416K [0x24800000, 0x24d50000, 0x29d50000)
  eden space 4416K, 100% used [0x24800000, 0x24c50000, 0x24c50000)
  from space 512K,   0% used [0x24c50000, 0x24c50000, 0x24cd0000)
  to   space 512K,   0% used [0x24cd0000, 0x24cd0000, 0x24d50000)
 tenured generation   total 18728K, used 18209K [0x29d50000, 0x2af9a000, 0x34800000)
   the space 18728K,  97% used [0x29d50000, 0x2af18538, 0x2af18600, 0x2af9a000)
 compacting perm gen  total 12288K, used 1634K [0x34800000, 0x35400000, 0x38800000)
   the space 12288K,  13% used [0x34800000, 0x34998b20, 0x34998c00, 0x35400000)
    ro space 10240K,  44% used [0x38800000, 0x38c7b1c8, 0x38c7b200, 0x39200000)
    rw space 12288K,  52% used [0x39200000, 0x398431d0, 0x39843200, 0x39e00000)
Event: 4.477 GC heap after
Heap after GC invocations=29 (full 4):
 def new generation   total 4928K, used 512K [0x24800000, 0x24d50000, 0x29d50000)
  eden space 4416K,   0% used [0x24800000, 0x24800000, 0x24c50000)
  from space 512K, 100% used [0x24cd0000, 0x24d50000, 0x24d50000)
  to   space 512K,   0% used [0x24c50000, 0x24c50000, 0x24cd0000)
 tenured generation   total 18728K, used 18435K [0x29d50000, 0x2af9a000, 0x34800000)
   the space 18728K,  98% used [0x29d50000, 0x2af50cf8, 0x2af50e00, 0x2af9a000)
 compacting perm gen  total 12288K, used 1634K [0x34800000, 0x35400000, 0x38800000)
   the space 12288K,  13% used [0x34800000, 0x34998b20, 0x34998c00, 0x35400000)
    ro space 10240K,  44% used [0x38800000, 0x38c7b1c8, 0x38c7b200, 0x39200000)
    rw space 12288K,  52% used [0x39200000, 0x398431d0, 0x39843200, 0x39e00000)
}
Event: 4.526 GC heap before
{Heap before GC invocations=29 (full 4):
 def new generation   total 4928K, used 4928K [0x24800000, 0x24d50000, 0x29d50000)
  eden space 4416K, 100% used [0x24800000, 0x24c50000, 0x24c50000)
  from space 512K, 100% used [0x24cd0000, 0x24d50000, 0x24d50000)
  to   space 512K,   0% used [0x24c50000, 0x24c50000, 0x24cd0000)
 tenured generation   total 18728K, used 18435K [0x29d50000, 0x2af9a000, 0x34800000)
   the space 18728K,  98% used [0x29d50000, 0x2af50cf8, 0x2af50e00, 0x2af9a000)
 compacting perm gen  total 12288K, used 1635K [0x34800000, 0x35400000, 0x38800000)
   the space 12288K,  13% used [0x34800000, 0x34998c30, 0x34998e00, 0x35400000)
    ro space 10240K,  44% used [0x38800000, 0x38c7b1c8, 0x38c7b200, 0x39200000)
    rw space 12288K,  52% used [0x39200000, 0x398431d0, 0x39843200, 0x39e00000)
Event: 4.633 GC heap after
Heap after GC invocations=30 (full 5):
 def new generation   total 4928K, used 492K [0x24800000, 0x24d50000, 0x29d50000)
  eden space 4416K,  11% used [0x24800000, 0x2487b300, 0x24c50000)
  from space 512K,   0% used [0x24c50000, 0x24c50000, 0x24cd0000)
  to   space 512K,   0% used [0x24cd0000, 0x24cd0000, 0x24d50000)
 tenured generation   total 19240K, used 19196K [0x29d50000, 0x2b01a000, 0x34800000)
   the space 19240K,  99% used [0x29d50000, 0x2b00f130, 0x2b00f200, 0x2b01a000)
 compacting perm gen  total 12288K, used 1635K [0x34800000, 0x35400000, 0x38800000)
   the space 12288K,  13% used [0x34800000, 0x34998c30, 0x34998e00, 0x35400000)
    ro space 10240K,  44% used [0x38800000, 0x38c7b1c8, 0x38c7b200, 0x39200000)
    rw space 12288K,  52% used [0x39200000, 0x398431d0, 0x39843200, 0x39e00000)
}
Event: 4.684 GC heap before
{Heap before GC invocations=30 (full 5):
 def new generation   total 4928K, used 4416K [0x24800000, 0x24d50000, 0x29d50000)
  eden space 4416K, 100% used [0x24800000, 0x24c50000, 0x24c50000)
  from space 512K,   0% used [0x24c50000, 0x24c50000, 0x24cd0000)
  to   space 512K,   0% used [0x24cd0000, 0x24cd0000, 0x24d50000)
 tenured generation   total 19240K, used 19196K [0x29d50000, 0x2b01a000, 0x34800000)
   the space 19240K,  99% used [0x29d50000, 0x2b00f130, 0x2b00f200, 0x2b01a000)
 compacting perm gen  total 12288K, used 1635K [0x34800000, 0x35400000, 0x38800000)
   the space 12288K,  13% used [0x34800000, 0x34998c30, 0x34998e00, 0x35400000)
    ro space 10240K,  44% used [0x38800000, 0x38c7b1c8, 0x38c7b200, 0x39200000)
    rw space 12288K,  52% used [0x39200000, 0x398431d0, 0x39843200, 0x39e00000)

Deoptimization events (0 events):
No events

Internal exceptions (10 events):
Event: 3.514 Thread 0x0027cc00 Threw 0x24a77020 at C:\re\jdk7u72\1606\hotspot\src\share\vm\prims\jvm.cpp:1281
Event: 3.515 Thread 0x0027cc00 Threw 0x24a7a060 at C:\re\jdk7u72\1606\hotspot\src\share\vm\prims\jvm.cpp:1281
Event: 3.516 Thread 0x0027cc00 Threw 0x24a7d748 at C:\re\jdk7u72\1606\hotspot\src\share\vm\prims\jvm.cpp:1281
Event: 3.517 Thread 0x0027cc00 Threw 0x24a7f6a8 at C:\re\jdk7u72\1606\hotspot\src\share\vm\prims\jvm.cpp:1281
Event: 3.520 Thread 0x0027cc00 Threw 0x24a83178 at C:\re\jdk7u72\1606\hotspot\src\share\vm\prims\jvm.cpp:1281
Event: 3.528 Thread 0x0027cc00 Threw 0x24ac9300 at C:\re\jdk7u72\1606\hotspot\src\share\vm\prims\jvm.cpp:1281
Event: 3.553 Thread 0x0027cc00 Threw 0x24c47058 at C:\re\jdk7u72\1606\hotspot\src\share\vm\prims\jvm.cpp:1281
Event: 3.580 Thread 0x0027cc00 Threw 0x2491f290 at C:\re\jdk7u72\1606\hotspot\src\share\vm\prims\jvm.cpp:1281
Event: 3.780 Thread 0x0027cc00 Threw 0x2492f7a8 at C:\re\jdk7u72\1606\hotspot\src\share\vm\prims\jvm.cpp:1281
Event: 3.809 Thread 0x0027cc00 Threw 0x24b5f080 at C:\re\jdk7u72\1606\hotspot\src\share\vm\prims\jvm.cpp:1281

Events (10 events):
Event: 4.097 Executing VM operation: GenCollectForAllocation done
Event: 4.144 Executing VM operation: GenCollectForAllocation
Event: 4.259 Executing VM operation: GenCollectForAllocation done
Event: 4.302 Executing VM operation: GenCollectForAllocation
Event: 4.436 Executing VM operation: GenCollectForAllocation done
Event: 4.473 Executing VM operation: GenCollectForAllocation
Event: 4.478 Executing VM operation: GenCollectForAllocation done
Event: 4.526 Executing VM operation: GenCollectForAllocation
Event: 4.634 Executing VM operation: GenCollectForAllocation done
Event: 4.684 Executing VM operation: GenCollectForAllocation


Dynamic libraries:
0x001c0000 - 0x001ef000 	C:\Program Files (x86)\Java\jdk1.7.0_72\bin\java.exe
0x77cd0000 - 0x77e50000 	C:\Windows\SysWOW64\ntdll.dll
0x76fb0000 - 0x770c0000 	C:\Windows\syswow64\kernel32.dll
0x76910000 - 0x76957000 	C:\Windows\syswow64\KERNELBASE.dll
0x76710000 - 0x767b0000 	C:\Windows\syswow64\ADVAPI32.dll
0x772f0000 - 0x7739c000 	C:\Windows\syswow64\msvcrt.dll
0x770c0000 - 0x770d9000 	C:\Windows\SysWOW64\sechost.dll
0x76820000 - 0x76910000 	C:\Windows\syswow64\RPCRT4.dll
0x75660000 - 0x756c0000 	C:\Windows\syswow64\SspiCli.dll
0x75650000 - 0x7565c000 	C:\Windows\syswow64\CRYPTBASE.dll
0x771e0000 - 0x772e0000 	C:\Windows\syswow64\USER32.dll
0x76960000 - 0x769f0000 	C:\Windows\syswow64\GDI32.dll
0x76dc0000 - 0x76dca000 	C:\Windows\syswow64\LPK.dll
0x77140000 - 0x771dd000 	C:\Windows\syswow64\USP10.dll
0x6f480000 - 0x6f61e000 	C:\Windows\WinSxS\x86_microsoft.windows.common-controls_6595b64144ccf1df_6.0.7601.17514_none_41e6975e2bd6f2b2\COMCTL32.dll
0x770e0000 - 0x77137000 	C:\Windows\syswow64\SHLWAPI.dll
0x767b0000 - 0x76810000 	C:\Windows\system32\IMM32.DLL
0x777d0000 - 0x7789c000 	C:\Windows\syswow64\MSCTF.dll
0x5c090000 - 0x5c14f000 	C:\Program Files (x86)\Java\jdk1.7.0_72\jre\bin\msvcr100.dll
0x5ab60000 - 0x5aee8000 	C:\Program Files (x86)\Java\jdk1.7.0_72\jre\bin\client\jvm.dll
0x73ad0000 - 0x73ad7000 	C:\Windows\system32\WSOCK32.dll
0x76f70000 - 0x76fa5000 	C:\Windows\syswow64\WS2_32.dll
0x76a00000 - 0x76a06000 	C:\Windows\syswow64\NSI.dll
0x6ef30000 - 0x6ef62000 	C:\Windows\system32\WINMM.dll
0x76df0000 - 0x76df5000 	C:\Windows\syswow64\PSAPI.DLL
0x5ca10000 - 0x5ca1c000 	C:\Program Files (x86)\Java\jdk1.7.0_72\jre\bin\verify.dll
0x5bea0000 - 0x5bec0000 	C:\Program Files (x86)\Java\jdk1.7.0_72\jre\bin\java.dll
0x5ab40000 - 0x5ab53000 	C:\Program Files (x86)\Java\jdk1.7.0_72\jre\bin\zip.dll
0x5a950000 - 0x5a964000 	C:\Program Files (x86)\Java\jdk1.7.0_72\jre\bin\net.dll
0x74fa0000 - 0x74fdc000 	C:\Windows\system32\mswsock.dll
0x74270000 - 0x74276000 	C:\Windows\System32\wship6.dll
0x5c080000 - 0x5c08f000 	C:\Program Files (x86)\Java\jdk1.7.0_72\jre\bin\nio.dll
0x522c0000 - 0x523ab000 	C:\Windows\system32\dbghelp.dll

VM Arguments:
java_command: C:\Android SDK\build-tools\21.1.1\\lib\dx.jar --no-strict --dex --output=obj\Release\android\bin\classes.dex obj\Release\android\bin\classes C:\Program Files (x86)\Reference Assemblies\Microsoft\Framework\MonoAndroid\v4.4\mono.android.jar C:\Users\TIM\AppData\Local\Xamarin\Android.Support.v4\22.1.1\embedded\classes.jar C:\Users\TIM\AppData\Local\Xamarin\Android.Support.v4\22.1.1\embedded\libs/internal_impl-22.1.1.jar
Launcher Type: SUN_STANDARD

Environment Variables:
CLASSPATH=C:\Program Files\Sybase\Jaguar CTS 3.5\html\classes;C:\Program Files\Sybase\Jaguar CTS 3.5\java\classes;C:\Program Files (x86)\Sybase\Shared\Sun\jdk118\lib\classes.zip;C:\Program Files (x86)\Sybase\Shared\PowerBuilder\classes.zip;.;
PATH=C:\Program Files (x86)\GtkSharp\2.12\\bin;C:\Program Files (x86)\PHP\v5.6;C:\Program Files\Sybase\Jaguar CTS 3.5\bin;C:\Program Files\Sybase\Jaguar CTS 3.5\dll;C:\Program Files\Sybase\Jaguar CTS 3.5\client\dll;C:\Program Files (x86)\Sybase\Shared\Sun\JDK118\bin;C:\Program Files (x86)\Sybase\Shared\PowerBuilder;C:\Python34\;C:\Python34\Scripts;C:\Python27\;C:\Python27\Scripts;C:\ProgramData\Oracle\Java\javapath;C:\Windows\system32;C:\Windows;C:\Windows\System32\Wbem;C:\Windows\System32\WindowsPowerShell\v1.0\;C:\Program Files (x86)\Microsoft SQL Server\100\Tools\Binn\;C:\Program Files\Microsoft SQL Server\100\Tools\Binn\;C:\Program Files\Microsoft SQL Server\100\DTS\Binn\;C:\Program Files (x86)\Microsoft SQL Server\90\Tools\binn\;C:\Program Files (x86)\Microsoft SDKs\TypeScript\1.0\;C:\Program Files\Microsoft SQL Server\120\DTS\Binn\;C:\Program Files\Microsoft SQL Server\Client SDK\ODBC\110\Tools\Binn\;C:\Program Files (x86)\Microsoft SQL Server\120\Tools\Binn\;C:\Program Files\Microsoft SQL Server\120\Tools\Binn\;C:\Program Files (x86)\Microsoft SQL ;C:\Windows\System32\WindowsPowerShell\v1.0\;C:\Program Files\MongoDB\Server\3.0\bin
USERNAME=TIM
OS=Windows_NT
PROCESSOR_IDENTIFIER=Intel64 Family 6 Model 23 Stepping 10, GenuineIntel



---------------  S Y S T E M  ---------------

OS: Windows 7 , 64 bit Build 7601 Service Pack 1

CPU:total 2 (2 cores per cpu, 1 threads per core) family 6 model 23 stepping 10, cmov, cx8, fxsr, mmx, sse, sse2, sse3, ssse3, tsc

Memory: 4k page, physical 1961976k(83740k free), swap 4902904k(2872k free)

vm_info: Java HotSpot(TM) Client VM (24.72-b04) for windows-x86 JRE (1.7.0_72-b14), built on Sep 26 2014 20:59:14 by "java_re" with unknown MS VC++:1600

time: Wed Jun 17 02:11:28 2015
elapsed time: 7 seconds

